<?xml version="1.0" encoding="UTF-8"?>
<testng-results skipped="0" failed="0" ignored="0" total="7" passed="7">
  <reporter-output>
  </reporter-output>
  <suite name="Default suite" duration-ms="130221" started-at="2019-10-01T03:34:24Z" finished-at="2019-10-01T03:36:34Z">
    <groups>
    </groups>
    <test name="Default test" duration-ms="130221" started-at="2019-10-01T03:34:24Z" finished-at="2019-10-01T03:36:34Z">
      <class name="demo.SeleniumPractice.Module6">
        <test-method status="PASS" signature="openBrowserApplication()[pri:0, instance:demo.SeleniumPractice.Module6@9629756]" name="openBrowserApplication" duration-ms="21253" started-at="2019-10-01T03:34:24Z" finished-at="2019-10-01T03:34:45Z">
          <reporter-output>
          </reporter-output>
        </test-method> <!-- openBrowserApplication -->
        <test-method status="PASS" signature="applicationSignUp()[pri:0, instance:demo.SeleniumPractice.Module6@9629756]" name="applicationSignUp" duration-ms="14243" started-at="2019-10-01T03:34:45Z" depends-on-methods="demo.SeleniumPractice.Module6.openBrowserApplication" finished-at="2019-10-01T03:35:00Z">
          <reporter-output>
          </reporter-output>
        </test-method> <!-- applicationSignUp -->
        <test-method status="PASS" signature="applicationLogin()[pri:0, instance:demo.SeleniumPractice.Module6@9629756]" name="applicationLogin" duration-ms="6694" started-at="2019-10-01T03:35:00Z" depends-on-methods="demo.SeleniumPractice.Module6.applicationSignUp" finished-at="2019-10-01T03:35:06Z">
          <reporter-output>
          </reporter-output>
        </test-method> <!-- applicationLogin -->
        <test-method status="PASS" signature="coursesAll()[pri:0, instance:demo.SeleniumPractice.Module6@9629756]" name="coursesAll" duration-ms="27102" started-at="2019-10-01T03:35:06Z" depends-on-methods="demo.SeleniumPractice.Module6.applicationLogin" finished-at="2019-10-01T03:35:33Z">
          <reporter-output>
          </reporter-output>
        </test-method> <!-- coursesAll -->
        <test-method status="PASS" signature="enrollDevOps()[pri:0, instance:demo.SeleniumPractice.Module6@9629756]" name="enrollDevOps" duration-ms="17714" started-at="2019-10-01T03:35:33Z" depends-on-methods="demo.SeleniumPractice.Module6.coursesAll" finished-at="2019-10-01T03:35:51Z">
          <reporter-output>
          </reporter-output>
        </test-method> <!-- enrollDevOps -->
        <test-method status="PASS" signature="hadoopData()[pri:0, instance:demo.SeleniumPractice.Module6@9629756]" name="hadoopData" duration-ms="16376" started-at="2019-10-01T03:35:51Z" depends-on-methods="demo.SeleniumPractice.Module6.enrollDevOps" finished-at="2019-10-01T03:36:08Z">
          <reporter-output>
          </reporter-output>
        </test-method> <!-- hadoopData -->
        <test-method status="PASS" signature="homePage()[pri:0, instance:demo.SeleniumPractice.Module6@9629756]" name="homePage" duration-ms="26786" started-at="2019-10-01T03:36:08Z" depends-on-methods="demo.SeleniumPractice.Module6.hadoopData" finished-at="2019-10-01T03:36:34Z">
          <reporter-output>
          </reporter-output>
        </test-method> <!-- homePage -->
      </class> <!-- demo.SeleniumPractice.Module6 -->
    </test> <!-- Default test -->
  </suite> <!-- Default suite -->
</testng-results>
