<?xml version="1.0" encoding="UTF-8"?>
<!-- Generated by org.testng.reporters.JUnitXMLReporter -->
<testsuite hostname="LAPTOP-1BCJRB17" ignored="0" name="Test" tests="4" failures="0" timestamp="02 Oct 2019 11:28:11 GMT" time="299.701" errors="0">
  <testcase name="applicaitonTestFunctionality" time="53.7" classname="com.Edurekademo.CertificationTest.ApplicationLaunch"/>
  <testcase name="applicaitonTestFunctionality" time="107.178" classname="com.Edurekademo.CertificationTest.ApplicationBlog"/>
  <testcase name="applicaitonTestFunctionality" time="68.327" classname="com.Edurekademo.CertificationTest.ApplicationWishList"/>
  <testcase name="applicaitonTestFunctionality" time="70.452" classname="com.Edurekademo.CertificationTest.ApplicationProfessional"/>
</testsuite> <!-- Test -->
