<?xml version="1.0" encoding="UTF-8"?>
<!-- Generated by org.testng.reporters.JUnitXMLReporter -->
<testsuite hostname="LAPTOP-1BCJRB17" ignored="0" name="Default test" tests="7" failures="0" timestamp="01 Oct 2019 03:36:34 GMT" time="130.221" errors="0">
  <testcase name="openBrowserApplication" time="21.253" classname="demo.SeleniumPractice.Module6"/>
  <testcase name="applicationSignUp" time="14.243" classname="demo.SeleniumPractice.Module6"/>
  <testcase name="applicationLogin" time="6.694" classname="demo.SeleniumPractice.Module6"/>
  <testcase name="coursesAll" time="27.102" classname="demo.SeleniumPractice.Module6"/>
  <testcase name="enrollDevOps" time="17.714" classname="demo.SeleniumPractice.Module6"/>
  <testcase name="hadoopData" time="16.376" classname="demo.SeleniumPractice.Module6"/>
  <testcase name="homePage" time="26.786" classname="demo.SeleniumPractice.Module6"/>
</testsuite> <!-- Default test -->
