<?xml version="1.0" encoding="UTF-8"?>
<testng-results skipped="0" failed="0" ignored="0" total="1" passed="1">
  <reporter-output>
  </reporter-output>
  <suite name="Default suite" duration-ms="291690" started-at="2019-10-03T05:13:57Z" finished-at="2019-10-03T05:18:49Z">
    <groups>
    </groups>
    <test name="Default test" duration-ms="291690" started-at="2019-10-03T05:13:57Z" finished-at="2019-10-03T05:18:49Z">
      <class name="com.Edurekademo.CertificationTest.ApplicationReadWriteExample">
        <test-method status="PASS" signature="applicaitonTestFunctionality()[pri:0, instance:com.Edurekademo.CertificationTest.ApplicationReadWriteExample@7d907bac]" name="applicaitonTestFunctionality" duration-ms="291649" started-at="2019-10-03T05:13:57Z" finished-at="2019-10-03T05:18:49Z">
          <reporter-output>
          </reporter-output>
        </test-method> <!-- applicaitonTestFunctionality -->
      </class> <!-- com.Edurekademo.CertificationTest.ApplicationReadWriteExample -->
    </test> <!-- Default test -->
  </suite> <!-- Default suite -->
</testng-results>
